0 info it worked if it ends with ok
1 verbose cli [ '/Users/b27206/.meteor/packages/meteor-tool/.1.4.1_2.w2dc8p++os.osx.x86_64+web.browser+web.cordova/mt-os.osx.x86_64/dev_bundle/bin/node',
1 verbose cli   '/Users/b27206/.meteor/packages/meteor-tool/.1.4.1_2.w2dc8p++os.osx.x86_64+web.browser+web.cordova/mt-os.osx.x86_64/dev_bundle/bin/npm',
1 verbose cli   'install',
1 verbose cli   '--save',
1 verbose cli   'bcrypt' ]
2 info using npm@3.10.8
3 info using node@v4.6.0
4 silly loadCurrentTree Starting
5 silly install loadCurrentTree
6 silly install readLocalPackageData
7 silly fetchPackageMetaData bcrypt
8 silly fetchNamedPackageData bcrypt
9 silly mapToRegistry name bcrypt
10 silly mapToRegistry using default registry
11 silly mapToRegistry registry https://registry.npmjs.org/
12 silly mapToRegistry data Result {
12 silly mapToRegistry   raw: 'bcrypt',
12 silly mapToRegistry   scope: null,
12 silly mapToRegistry   escapedName: 'bcrypt',
12 silly mapToRegistry   name: 'bcrypt',
12 silly mapToRegistry   rawSpec: '',
12 silly mapToRegistry   spec: 'latest',
12 silly mapToRegistry   type: 'tag' }
13 silly mapToRegistry uri https://registry.npmjs.org/bcrypt
14 verbose request uri https://registry.npmjs.org/bcrypt
15 verbose request no auth needed
16 info attempt registry request try #1 at 7:27:33 PM
17 verbose request id 5ab9bce24f0e1870
18 http request GET https://registry.npmjs.org/bcrypt
19 http 200 https://registry.npmjs.org/bcrypt
20 verbose headers { server: 'CouchDB/1.5.0 (Erlang OTP/R16B03)',
20 verbose headers   etag: '"DVM4B6S5JX5FCOHTNHDAX7FRP"',
20 verbose headers   'content-type': 'application/json',
20 verbose headers   'content-encoding': 'gzip',
20 verbose headers   'cache-control': 'max-age=300',
20 verbose headers   'content-length': '11936',
20 verbose headers   'accept-ranges': 'bytes',
20 verbose headers   date: 'Sat, 29 Oct 2016 00:27:33 GMT',
20 verbose headers   via: '1.1 varnish',
20 verbose headers   age: '244',
20 verbose headers   connection: 'keep-alive',
20 verbose headers   'x-served-by': 'cache-dfw1830-DFW',
20 verbose headers   'x-cache': 'HIT',
20 verbose headers   'x-cache-hits': '1',
20 verbose headers   'x-timer': 'S1477700853.512600,VS0,VE0',
20 verbose headers   vary: 'Accept-Encoding' }
21 silly get cb [ 200,
21 silly get   { server: 'CouchDB/1.5.0 (Erlang OTP/R16B03)',
21 silly get     etag: '"DVM4B6S5JX5FCOHTNHDAX7FRP"',
21 silly get     'content-type': 'application/json',
21 silly get     'content-encoding': 'gzip',
21 silly get     'cache-control': 'max-age=300',
21 silly get     'content-length': '11936',
21 silly get     'accept-ranges': 'bytes',
21 silly get     date: 'Sat, 29 Oct 2016 00:27:33 GMT',
21 silly get     via: '1.1 varnish',
21 silly get     age: '244',
21 silly get     connection: 'keep-alive',
21 silly get     'x-served-by': 'cache-dfw1830-DFW',
21 silly get     'x-cache': 'HIT',
21 silly get     'x-cache-hits': '1',
21 silly get     'x-timer': 'S1477700853.512600,VS0,VE0',
21 silly get     vary: 'Accept-Encoding' } ]
22 verbose get saving bcrypt to /Users/b27206/.npm/registry.npmjs.org/bcrypt/.cache.json
23 verbose correctMkdir /Users/b27206/.npm correctMkdir not in flight; initializing
24 silly install normalizeTree
25 silly loadCurrentTree Finishing
26 silly loadIdealTree Starting
27 silly install loadIdealTree
28 silly cloneCurrentTree Starting
29 silly install cloneCurrentTreeToIdealTree
30 silly cloneCurrentTree Finishing
31 silly loadShrinkwrap Starting
32 silly install loadShrinkwrap
33 silly loadShrinkwrap Finishing
34 silly loadAllDepsIntoIdealTree Starting
35 silly install loadAllDepsIntoIdealTree
36 silly resolveWithNewModule bcrypt@0.8.7 checking installable status
37 silly cache add args [ 'bcrypt', null ]
38 verbose cache add spec bcrypt
39 silly cache add parsed spec Result {
39 silly cache add   raw: 'bcrypt',
39 silly cache add   scope: null,
39 silly cache add   escapedName: 'bcrypt',
39 silly cache add   name: 'bcrypt',
39 silly cache add   rawSpec: '',
39 silly cache add   spec: 'latest',
39 silly cache add   type: 'tag' }
40 silly addNamed bcrypt@latest
41 verbose addNamed "latest" is being treated as a dist-tag for bcrypt
42 info addNameTag [ 'bcrypt', 'latest' ]
43 silly mapToRegistry name bcrypt
44 silly mapToRegistry using default registry
45 silly mapToRegistry registry https://registry.npmjs.org/
46 silly mapToRegistry data Result {
46 silly mapToRegistry   raw: 'bcrypt',
46 silly mapToRegistry   scope: null,
46 silly mapToRegistry   escapedName: 'bcrypt',
46 silly mapToRegistry   name: 'bcrypt',
46 silly mapToRegistry   rawSpec: '',
46 silly mapToRegistry   spec: 'latest',
46 silly mapToRegistry   type: 'tag' }
47 silly mapToRegistry uri https://registry.npmjs.org/bcrypt
48 verbose addNameTag registry:https://registry.npmjs.org/bcrypt not in flight; fetching
49 verbose get https://registry.npmjs.org/bcrypt not expired, no request
50 silly addNameTag next cb for bcrypt with tag latest
51 silly addNamed bcrypt@0.8.7
52 verbose addNamed "0.8.7" is a plain semver version for bcrypt
53 silly mapToRegistry name bcrypt
54 silly mapToRegistry using default registry
55 silly mapToRegistry registry https://registry.npmjs.org/
56 silly mapToRegistry data Result {
56 silly mapToRegistry   raw: 'bcrypt',
56 silly mapToRegistry   scope: null,
56 silly mapToRegistry   escapedName: 'bcrypt',
56 silly mapToRegistry   name: 'bcrypt',
56 silly mapToRegistry   rawSpec: '',
56 silly mapToRegistry   spec: 'latest',
56 silly mapToRegistry   type: 'tag' }
57 silly mapToRegistry uri https://registry.npmjs.org/bcrypt
58 verbose addRemoteTarball https://registry.npmjs.org/bcrypt/-/bcrypt-0.8.7.tgz not in flight; adding
59 verbose addRemoteTarball [ 'https://registry.npmjs.org/bcrypt/-/bcrypt-0.8.7.tgz',
59 verbose addRemoteTarball   'bc3875a9afd0a7b2cd231a6a7f218a5ce156b093' ]
60 info retry fetch attempt 1 at 7:27:33 PM
61 info attempt registry request try #1 at 7:27:33 PM
62 http fetch GET https://registry.npmjs.org/bcrypt/-/bcrypt-0.8.7.tgz
63 http fetch 200 https://registry.npmjs.org/bcrypt/-/bcrypt-0.8.7.tgz
64 silly fetchAndShaCheck shasum bc3875a9afd0a7b2cd231a6a7f218a5ce156b093
65 verbose addTmpTarball /var/folders/sh/rrdk11cx0wd97htmk_tczg9c0000gp/T/npm-21113-38cf8814/registry.npmjs.org/bcrypt/-/bcrypt-0.8.7.tgz not in flight; adding
66 verbose addTmpTarball already have metadata; skipping unpack for bcrypt@0.8.7
67 verbose correctMkdir /Users/b27206/.npm correctMkdir not in flight; initializing
68 silly cache afterAdd bcrypt@0.8.7
69 verbose afterAdd /Users/b27206/.npm/bcrypt/0.8.7/package/package.json not in flight; writing
70 verbose correctMkdir /Users/b27206/.npm correctMkdir not in flight; initializing
71 verbose afterAdd /Users/b27206/.npm/bcrypt/0.8.7/package/package.json written
72 silly fetchNamedPackageData bindings
73 silly mapToRegistry name bindings
74 silly mapToRegistry using default registry
75 silly mapToRegistry registry https://registry.npmjs.org/
76 silly mapToRegistry data Result {
76 silly mapToRegistry   raw: 'bindings',
76 silly mapToRegistry   scope: null,
76 silly mapToRegistry   escapedName: 'bindings',
76 silly mapToRegistry   name: 'bindings',
76 silly mapToRegistry   rawSpec: '',
76 silly mapToRegistry   spec: 'latest',
76 silly mapToRegistry   type: 'tag' }
77 silly mapToRegistry uri https://registry.npmjs.org/bindings
78 silly fetchNamedPackageData nan
79 silly mapToRegistry name nan
80 silly mapToRegistry using default registry
81 silly mapToRegistry registry https://registry.npmjs.org/
82 silly mapToRegistry data Result {
82 silly mapToRegistry   raw: 'nan',
82 silly mapToRegistry   scope: null,
82 silly mapToRegistry   escapedName: 'nan',
82 silly mapToRegistry   name: 'nan',
82 silly mapToRegistry   rawSpec: '',
82 silly mapToRegistry   spec: 'latest',
82 silly mapToRegistry   type: 'tag' }
83 silly mapToRegistry uri https://registry.npmjs.org/nan
84 verbose request uri https://registry.npmjs.org/bindings
85 verbose request no auth needed
86 info attempt registry request try #1 at 7:27:33 PM
87 http request GET https://registry.npmjs.org/bindings
88 verbose request uri https://registry.npmjs.org/nan
89 verbose request no auth needed
90 info attempt registry request try #1 at 7:27:33 PM
91 http request GET https://registry.npmjs.org/nan
92 http 200 https://registry.npmjs.org/bindings
93 verbose headers { server: 'CouchDB/1.5.0 (Erlang OTP/R16B03)',
93 verbose headers   etag: '"8QW29MHCPCE6VJCVI3QVXRJAQ"',
93 verbose headers   'content-type': 'application/json',
93 verbose headers   'content-encoding': 'gzip',
93 verbose headers   'cache-control': 'max-age=300',
93 verbose headers   'content-length': '3832',
93 verbose headers   'accept-ranges': 'bytes',
93 verbose headers   date: 'Sat, 29 Oct 2016 00:27:33 GMT',
93 verbose headers   via: '1.1 varnish',
93 verbose headers   age: '293',
93 verbose headers   connection: 'keep-alive',
93 verbose headers   'x-served-by': 'cache-dfw1830-DFW',
93 verbose headers   'x-cache': 'HIT',
93 verbose headers   'x-cache-hits': '2',
93 verbose headers   'x-timer': 'S1477700853.643092,VS0,VE0',
93 verbose headers   vary: 'Accept-Encoding' }
94 silly get cb [ 200,
94 silly get   { server: 'CouchDB/1.5.0 (Erlang OTP/R16B03)',
94 silly get     etag: '"8QW29MHCPCE6VJCVI3QVXRJAQ"',
94 silly get     'content-type': 'application/json',
94 silly get     'content-encoding': 'gzip',
94 silly get     'cache-control': 'max-age=300',
94 silly get     'content-length': '3832',
94 silly get     'accept-ranges': 'bytes',
94 silly get     date: 'Sat, 29 Oct 2016 00:27:33 GMT',
94 silly get     via: '1.1 varnish',
94 silly get     age: '293',
94 silly get     connection: 'keep-alive',
94 silly get     'x-served-by': 'cache-dfw1830-DFW',
94 silly get     'x-cache': 'HIT',
94 silly get     'x-cache-hits': '2',
94 silly get     'x-timer': 'S1477700853.643092,VS0,VE0',
94 silly get     vary: 'Accept-Encoding' } ]
95 verbose get saving bindings to /Users/b27206/.npm/registry.npmjs.org/bindings/.cache.json
96 verbose correctMkdir /Users/b27206/.npm correctMkdir not in flight; initializing
97 silly resolveWithNewModule bindings@1.2.1 checking installable status
98 silly cache add args [ 'bindings@1.2.1', null ]
99 verbose cache add spec bindings@1.2.1
100 silly cache add parsed spec Result {
100 silly cache add   raw: 'bindings@1.2.1',
100 silly cache add   scope: null,
100 silly cache add   escapedName: 'bindings',
100 silly cache add   name: 'bindings',
100 silly cache add   rawSpec: '1.2.1',
100 silly cache add   spec: '1.2.1',
100 silly cache add   type: 'version' }
101 silly addNamed bindings@1.2.1
102 verbose addNamed "1.2.1" is a plain semver version for bindings
103 silly mapToRegistry name bindings
104 silly mapToRegistry using default registry
105 silly mapToRegistry registry https://registry.npmjs.org/
106 silly mapToRegistry data Result {
106 silly mapToRegistry   raw: 'bindings',
106 silly mapToRegistry   scope: null,
106 silly mapToRegistry   escapedName: 'bindings',
106 silly mapToRegistry   name: 'bindings',
106 silly mapToRegistry   rawSpec: '',
106 silly mapToRegistry   spec: 'latest',
106 silly mapToRegistry   type: 'tag' }
107 silly mapToRegistry uri https://registry.npmjs.org/bindings
108 verbose addNameVersion registry:https://registry.npmjs.org/bindings not in flight; fetching
109 verbose get https://registry.npmjs.org/bindings not expired, no request
110 silly mapToRegistry name bindings
111 silly mapToRegistry using default registry
112 silly mapToRegistry registry https://registry.npmjs.org/
113 silly mapToRegistry data Result {
113 silly mapToRegistry   raw: 'bindings',
113 silly mapToRegistry   scope: null,
113 silly mapToRegistry   escapedName: 'bindings',
113 silly mapToRegistry   name: 'bindings',
113 silly mapToRegistry   rawSpec: '',
113 silly mapToRegistry   spec: 'latest',
113 silly mapToRegistry   type: 'tag' }
114 silly mapToRegistry uri https://registry.npmjs.org/bindings
115 verbose addRemoteTarball https://registry.npmjs.org/bindings/-/bindings-1.2.1.tgz not in flight; adding
116 verbose addRemoteTarball [ 'https://registry.npmjs.org/bindings/-/bindings-1.2.1.tgz',
116 verbose addRemoteTarball   '14ad6113812d2d37d72e67b4cacb4bb726505f11' ]
117 info retry fetch attempt 1 at 7:27:33 PM
118 info attempt registry request try #1 at 7:27:33 PM
119 http fetch GET https://registry.npmjs.org/bindings/-/bindings-1.2.1.tgz
120 http fetch 200 https://registry.npmjs.org/bindings/-/bindings-1.2.1.tgz
121 silly fetchAndShaCheck shasum 14ad6113812d2d37d72e67b4cacb4bb726505f11
122 verbose addTmpTarball /var/folders/sh/rrdk11cx0wd97htmk_tczg9c0000gp/T/npm-21113-38cf8814/registry.npmjs.org/bindings/-/bindings-1.2.1.tgz not in flight; adding
123 verbose addTmpTarball already have metadata; skipping unpack for bindings@1.2.1
124 verbose correctMkdir /Users/b27206/.npm correctMkdir not in flight; initializing
125 silly cache afterAdd bindings@1.2.1
126 verbose afterAdd /Users/b27206/.npm/bindings/1.2.1/package/package.json not in flight; writing
127 verbose correctMkdir /Users/b27206/.npm correctMkdir not in flight; initializing
128 verbose afterAdd /Users/b27206/.npm/bindings/1.2.1/package/package.json written
129 http 200 https://registry.npmjs.org/nan
130 verbose headers { server: 'CouchDB/1.5.0 (Erlang OTP/R16B03)',
130 verbose headers   etag: '"2QXFPVXUU9DUUTAACVV4FOU2Z"',
130 verbose headers   'content-type': 'application/json',
130 verbose headers   'content-encoding': 'gzip',
130 verbose headers   'cache-control': 'max-age=300',
130 verbose headers   'content-length': '17179',
130 verbose headers   'accept-ranges': 'bytes',
130 verbose headers   date: 'Sat, 29 Oct 2016 00:27:33 GMT',
130 verbose headers   via: '1.1 varnish',
130 verbose headers   age: '293',
130 verbose headers   connection: 'keep-alive',
130 verbose headers   'x-served-by': 'cache-dfw1845-DFW',
130 verbose headers   'x-cache': 'HIT',
130 verbose headers   'x-cache-hits': '2',
130 verbose headers   'x-timer': 'S1477700853.703057,VS0,VE0',
130 verbose headers   vary: 'Accept-Encoding' }
131 silly get cb [ 200,
131 silly get   { server: 'CouchDB/1.5.0 (Erlang OTP/R16B03)',
131 silly get     etag: '"2QXFPVXUU9DUUTAACVV4FOU2Z"',
131 silly get     'content-type': 'application/json',
131 silly get     'content-encoding': 'gzip',
131 silly get     'cache-control': 'max-age=300',
131 silly get     'content-length': '17179',
131 silly get     'accept-ranges': 'bytes',
131 silly get     date: 'Sat, 29 Oct 2016 00:27:33 GMT',
131 silly get     via: '1.1 varnish',
131 silly get     age: '293',
131 silly get     connection: 'keep-alive',
131 silly get     'x-served-by': 'cache-dfw1845-DFW',
131 silly get     'x-cache': 'HIT',
131 silly get     'x-cache-hits': '2',
131 silly get     'x-timer': 'S1477700853.703057,VS0,VE0',
131 silly get     vary: 'Accept-Encoding' } ]
132 verbose get saving nan to /Users/b27206/.npm/registry.npmjs.org/nan/.cache.json
133 verbose correctMkdir /Users/b27206/.npm correctMkdir not in flight; initializing
134 silly resolveWithNewModule nan@2.3.5 checking installable status
135 silly cache add args [ 'nan@2.3.5', null ]
136 verbose cache add spec nan@2.3.5
137 silly cache add parsed spec Result {
137 silly cache add   raw: 'nan@2.3.5',
137 silly cache add   scope: null,
137 silly cache add   escapedName: 'nan',
137 silly cache add   name: 'nan',
137 silly cache add   rawSpec: '2.3.5',
137 silly cache add   spec: '2.3.5',
137 silly cache add   type: 'version' }
138 silly addNamed nan@2.3.5
139 verbose addNamed "2.3.5" is a plain semver version for nan
140 silly mapToRegistry name nan
141 silly mapToRegistry using default registry
142 silly mapToRegistry registry https://registry.npmjs.org/
143 silly mapToRegistry data Result {
143 silly mapToRegistry   raw: 'nan',
143 silly mapToRegistry   scope: null,
143 silly mapToRegistry   escapedName: 'nan',
143 silly mapToRegistry   name: 'nan',
143 silly mapToRegistry   rawSpec: '',
143 silly mapToRegistry   spec: 'latest',
143 silly mapToRegistry   type: 'tag' }
144 silly mapToRegistry uri https://registry.npmjs.org/nan
145 verbose addNameVersion registry:https://registry.npmjs.org/nan not in flight; fetching
146 verbose get https://registry.npmjs.org/nan not expired, no request
147 silly mapToRegistry name nan
148 silly mapToRegistry using default registry
149 silly mapToRegistry registry https://registry.npmjs.org/
150 silly mapToRegistry data Result {
150 silly mapToRegistry   raw: 'nan',
150 silly mapToRegistry   scope: null,
150 silly mapToRegistry   escapedName: 'nan',
150 silly mapToRegistry   name: 'nan',
150 silly mapToRegistry   rawSpec: '',
150 silly mapToRegistry   spec: 'latest',
150 silly mapToRegistry   type: 'tag' }
151 silly mapToRegistry uri https://registry.npmjs.org/nan
152 verbose addRemoteTarball https://registry.npmjs.org/nan/-/nan-2.3.5.tgz not in flight; adding
153 verbose addRemoteTarball [ 'https://registry.npmjs.org/nan/-/nan-2.3.5.tgz',
153 verbose addRemoteTarball   '822a0dc266290ce4cd3a12282ca3e7e364668a08' ]
154 info retry fetch attempt 1 at 7:27:33 PM
155 info attempt registry request try #1 at 7:27:33 PM
156 http fetch GET https://registry.npmjs.org/nan/-/nan-2.3.5.tgz
157 http fetch 200 https://registry.npmjs.org/nan/-/nan-2.3.5.tgz
158 silly fetchAndShaCheck shasum 822a0dc266290ce4cd3a12282ca3e7e364668a08
159 verbose addTmpTarball /var/folders/sh/rrdk11cx0wd97htmk_tczg9c0000gp/T/npm-21113-38cf8814/registry.npmjs.org/nan/-/nan-2.3.5.tgz not in flight; adding
160 verbose addTmpTarball already have metadata; skipping unpack for nan@2.3.5
161 verbose correctMkdir /Users/b27206/.npm correctMkdir not in flight; initializing
162 silly cache afterAdd nan@2.3.5
163 verbose afterAdd /Users/b27206/.npm/nan/2.3.5/package/package.json not in flight; writing
164 verbose correctMkdir /Users/b27206/.npm correctMkdir not in flight; initializing
165 verbose afterAdd /Users/b27206/.npm/nan/2.3.5/package/package.json written
166 silly loadAllDepsIntoIdealTree Finishing
167 silly loadIdealTree Finishing
168 silly currentTree repdirect@
168 silly currentTree ├── angular-meteor@1.3.11
168 silly currentTree ├── angular-mocks@1.5.8
168 silly currentTree ├── angular-ui-router@0.3.1
168 silly currentTree ├── angular@1.5.8
168 silly currentTree ├── ansi-regex@0.2.1
168 silly currentTree ├── ansi-styles@1.1.0
168 silly currentTree ├── chalk@0.5.1
168 silly currentTree ├── escape-string-regexp@1.0.5
168 silly currentTree ├── has-ansi@0.1.0
168 silly currentTree ├── jsondiffpatch@0.1.43
168 silly currentTree ├── strip-ansi@0.3.0
168 silly currentTree ├── supports-color@0.2.0
168 silly currentTree └── underscore@1.8.3
169 silly idealTree repdirect@
169 silly idealTree ├── angular-meteor@1.3.11
169 silly idealTree ├── angular-mocks@1.5.8
169 silly idealTree ├── angular-ui-router@0.3.1
169 silly idealTree ├── angular@1.5.8
169 silly idealTree ├── ansi-regex@0.2.1
169 silly idealTree ├── ansi-styles@1.1.0
169 silly idealTree ├── bcrypt@0.8.7
169 silly idealTree ├── bindings@1.2.1
169 silly idealTree ├── chalk@0.5.1
169 silly idealTree ├── escape-string-regexp@1.0.5
169 silly idealTree ├── has-ansi@0.1.0
169 silly idealTree ├── jsondiffpatch@0.1.43
169 silly idealTree ├── nan@2.3.5
169 silly idealTree ├── strip-ansi@0.3.0
169 silly idealTree ├── supports-color@0.2.0
169 silly idealTree └── underscore@1.8.3
170 silly generateActionsToTake Starting
171 silly install generateActionsToTake
172 silly generateActionsToTake Finishing
173 silly diffTrees action count 3
174 silly diffTrees add bindings@1.2.1
175 silly diffTrees add nan@2.3.5
176 silly diffTrees add bcrypt@0.8.7
177 silly decomposeActions action count 24
178 silly decomposeActions fetch bindings@1.2.1
179 silly decomposeActions extract bindings@1.2.1
180 silly decomposeActions test bindings@1.2.1
181 silly decomposeActions preinstall bindings@1.2.1
182 silly decomposeActions build bindings@1.2.1
183 silly decomposeActions install bindings@1.2.1
184 silly decomposeActions postinstall bindings@1.2.1
185 silly decomposeActions finalize bindings@1.2.1
186 silly decomposeActions fetch nan@2.3.5
187 silly decomposeActions extract nan@2.3.5
188 silly decomposeActions test nan@2.3.5
189 silly decomposeActions preinstall nan@2.3.5
190 silly decomposeActions build nan@2.3.5
191 silly decomposeActions install nan@2.3.5
192 silly decomposeActions postinstall nan@2.3.5
193 silly decomposeActions finalize nan@2.3.5
194 silly decomposeActions fetch bcrypt@0.8.7
195 silly decomposeActions extract bcrypt@0.8.7
196 silly decomposeActions test bcrypt@0.8.7
197 silly decomposeActions preinstall bcrypt@0.8.7
198 silly decomposeActions build bcrypt@0.8.7
199 silly decomposeActions install bcrypt@0.8.7
200 silly decomposeActions postinstall bcrypt@0.8.7
201 silly decomposeActions finalize bcrypt@0.8.7
202 silly runTopLevelLifecycles Starting
203 silly executeActions Starting
204 silly install executeActions
205 silly doSerial global-install 0
206 silly doParallel fetch 3
207 verbose correctMkdir /Users/b27206/.npm/_locks correctMkdir not in flight; initializing
208 verbose lock using /Users/b27206/.npm/_locks/staging-64a51c3e96986279.lock for /Users/b27206/repdirect/node_modules/.staging
209 silly doParallel extract 3
210 silly extract bindings@1.2.1
211 silly extract nan@2.3.5
212 silly extract bcrypt@0.8.7
213 verbose unbuild node_modules/.staging/bindings-5a3d804f
214 verbose unbuild node_modules/.staging/nan-c6a18185
215 verbose unbuild node_modules/.staging/bcrypt-41f3f8b2
216 silly gentlyRm /Users/b27206/repdirect/node_modules/.staging/bindings-5a3d804f is being purged from base /Users/b27206/repdirect
217 verbose gentlyRm don't care about contents; nuking /Users/b27206/repdirect/node_modules/.staging/bindings-5a3d804f
218 silly gentlyRm /Users/b27206/repdirect/node_modules/.staging/nan-c6a18185 is being purged from base /Users/b27206/repdirect
219 verbose gentlyRm don't care about contents; nuking /Users/b27206/repdirect/node_modules/.staging/nan-c6a18185
220 silly gentlyRm /Users/b27206/repdirect/node_modules/.staging/bcrypt-41f3f8b2 is being purged from base /Users/b27206/repdirect
221 verbose gentlyRm don't care about contents; nuking /Users/b27206/repdirect/node_modules/.staging/bcrypt-41f3f8b2
222 verbose tar unpack /Users/b27206/.npm/bindings/1.2.1/package.tgz
223 verbose tar unpacking to /Users/b27206/repdirect/node_modules/.staging/bindings-5a3d804f
224 silly gentlyRm /Users/b27206/repdirect/node_modules/.staging/bindings-5a3d804f is being purged
225 verbose gentlyRm don't care about contents; nuking /Users/b27206/repdirect/node_modules/.staging/bindings-5a3d804f
226 verbose tar unpack /Users/b27206/.npm/nan/2.3.5/package.tgz
227 verbose tar unpacking to /Users/b27206/repdirect/node_modules/.staging/nan-c6a18185
228 silly gentlyRm /Users/b27206/repdirect/node_modules/.staging/nan-c6a18185 is being purged
229 verbose gentlyRm don't care about contents; nuking /Users/b27206/repdirect/node_modules/.staging/nan-c6a18185
230 verbose tar unpack /Users/b27206/.npm/bcrypt/0.8.7/package.tgz
231 verbose tar unpacking to /Users/b27206/repdirect/node_modules/.staging/bcrypt-41f3f8b2
232 silly gentlyRm /Users/b27206/repdirect/node_modules/.staging/bcrypt-41f3f8b2 is being purged
233 verbose gentlyRm don't care about contents; nuking /Users/b27206/repdirect/node_modules/.staging/bcrypt-41f3f8b2
234 silly gunzTarPerm modes [ '755', '644' ]
235 silly gunzTarPerm modes [ '755', '644' ]
236 silly gunzTarPerm modes [ '755', '644' ]
237 silly gunzTarPerm extractEntry package.json
238 silly gunzTarPerm extractEntry package.json
239 silly gunzTarPerm modified mode [ 'package.json', 436, 420 ]
240 silly gunzTarPerm extractEntry package.json
241 silly gunzTarPerm extractEntry README.md
242 silly gunzTarPerm extractEntry bindings.js
243 silly gunzTarPerm extractEntry README.md
244 silly gunzTarPerm modified mode [ 'README.md', 436, 420 ]
245 silly gunzTarPerm extractEntry include_dirs.js
246 silly gunzTarPerm modified mode [ 'include_dirs.js', 436, 420 ]
247 silly gunzTarPerm extractEntry .npmignore
248 silly gunzTarPerm extractEntry README.md
249 silly gunzTarPerm extractEntry nan_converters.h
250 silly gunzTarPerm modified mode [ 'nan_converters.h', 436, 420 ]
251 silly gunzTarPerm extractEntry LICENSE.md
252 silly gunzTarPerm modified mode [ 'LICENSE.md', 436, 420 ]
253 silly gunzTarPerm extractEntry doc/node_misc.md
254 silly gunzTarPerm modified mode [ 'doc/node_misc.md', 436, 420 ]
255 silly gunzTarPerm extractEntry LICENSE
256 silly gunzTarPerm extractEntry bcrypt.js
257 silly gunzTarPerm extractEntry Makefile
258 silly gunzTarPerm extractEntry .travis.yml
259 silly gunzTarPerm extractEntry CHANGELOG.md
260 silly gunzTarPerm extractEntry binding.gyp
261 silly gunzTarPerm extractEntry examples/async_compare.js
262 silly gunzTarPerm extractEntry examples/forever_gen_salt.js
263 silly gunzTarPerm extractEntry test/async.js
264 silly gunzTarPerm extractEntry test/repetitions.js
265 silly gunzTarPerm extractEntry test/sync.js
266 silly gunzTarPerm extractEntry ISSUE_TEMPLATE.md
267 silly gunzTarPerm extractEntry src/bcrypt.cc
268 silly gunzTarPerm extractEntry src/bcrypt_node.cc
269 silly gunzTarPerm extractEntry src/blowfish.cc
270 silly gunzTarPerm extractEntry src/node_blf.h
271 silly gunzTarPerm extractEntry werker.yml
272 silly gunzTarPerm extractEntry doc/asyncworker.md
273 silly gunzTarPerm modified mode [ 'doc/asyncworker.md', 436, 420 ]
274 silly gunzTarPerm extractEntry doc/callback.md
275 silly gunzTarPerm modified mode [ 'doc/callback.md', 436, 420 ]
276 silly gunzTarPerm extractEntry doc/converters.md
277 silly gunzTarPerm modified mode [ 'doc/converters.md', 436, 420 ]
278 silly gunzTarPerm extractEntry doc/errors.md
279 silly gunzTarPerm modified mode [ 'doc/errors.md', 436, 420 ]
280 silly gunzTarPerm extractEntry doc/maybe_types.md
281 silly gunzTarPerm modified mode [ 'doc/maybe_types.md', 436, 420 ]
282 silly gunzTarPerm extractEntry doc/methods.md
283 silly gunzTarPerm modified mode [ 'doc/methods.md', 436, 420 ]
284 silly gunzTarPerm extractEntry doc/new.md
285 silly gunzTarPerm modified mode [ 'doc/new.md', 436, 420 ]
286 silly gentlyRm /Users/b27206/repdirect/node_modules/.staging/bindings-5a3d804f/node_modules is being purged
287 verbose gentlyRm don't care about contents; nuking /Users/b27206/repdirect/node_modules/.staging/bindings-5a3d804f/node_modules
288 silly gunzTarPerm extractEntry doc/buffers.md
289 silly gunzTarPerm modified mode [ 'doc/buffers.md', 436, 420 ]
290 silly gunzTarPerm extractEntry doc/object_wrappers.md
291 silly gunzTarPerm modified mode [ 'doc/object_wrappers.md', 436, 420 ]
292 silly gunzTarPerm extractEntry doc/persistent.md
293 silly gunzTarPerm modified mode [ 'doc/persistent.md', 436, 420 ]
294 silly gunzTarPerm extractEntry doc/scopes.md
295 silly gunzTarPerm modified mode [ 'doc/scopes.md', 436, 420 ]
296 silly gunzTarPerm extractEntry doc/script.md
297 silly gunzTarPerm modified mode [ 'doc/script.md', 436, 420 ]
298 silly gunzTarPerm extractEntry doc/string_bytes.md
299 silly gunzTarPerm modified mode [ 'doc/string_bytes.md', 436, 420 ]
300 silly gunzTarPerm extractEntry doc/v8_internals.md
301 silly gunzTarPerm modified mode [ 'doc/v8_internals.md', 436, 420 ]
302 silly gunzTarPerm extractEntry doc/v8_misc.md
303 silly gunzTarPerm modified mode [ 'doc/v8_misc.md', 436, 420 ]
304 silly gunzTarPerm extractEntry nan.h
305 silly gunzTarPerm modified mode [ 'nan.h', 436, 420 ]
306 silly gunzTarPerm extractEntry nan_callbacks.h
307 silly gunzTarPerm modified mode [ 'nan_callbacks.h', 436, 420 ]
308 silly gunzTarPerm extractEntry nan_callbacks_12_inl.h
309 silly gunzTarPerm modified mode [ 'nan_callbacks_12_inl.h', 436, 420 ]
310 silly gunzTarPerm extractEntry nan_callbacks_pre_12_inl.h
311 silly gunzTarPerm modified mode [ 'nan_callbacks_pre_12_inl.h', 436, 420 ]
312 silly gunzTarPerm extractEntry nan_converters_43_inl.h
313 silly gunzTarPerm modified mode [ 'nan_converters_43_inl.h', 436, 420 ]
314 silly gunzTarPerm extractEntry nan_converters_pre_43_inl.h
315 silly gunzTarPerm modified mode [ 'nan_converters_pre_43_inl.h', 436, 420 ]
316 silly gunzTarPerm extractEntry nan_implementation_12_inl.h
317 silly gunzTarPerm modified mode [ 'nan_implementation_12_inl.h', 436, 420 ]
318 silly gunzTarPerm extractEntry nan_implementation_pre_12_inl.h
319 silly gunzTarPerm modified mode [ 'nan_implementation_pre_12_inl.h', 436, 420 ]
320 silly gunzTarPerm extractEntry nan_maybe_43_inl.h
321 silly gunzTarPerm modified mode [ 'nan_maybe_43_inl.h', 436, 420 ]
322 silly gunzTarPerm extractEntry nan_maybe_pre_43_inl.h
323 silly gunzTarPerm modified mode [ 'nan_maybe_pre_43_inl.h', 436, 420 ]
324 silly gunzTarPerm extractEntry nan_new.h
325 silly gunzTarPerm modified mode [ 'nan_new.h', 436, 420 ]
326 silly gunzTarPerm extractEntry nan_object_wrap.h
327 silly gunzTarPerm modified mode [ 'nan_object_wrap.h', 436, 420 ]
328 silly gunzTarPerm extractEntry nan_persistent_12_inl.h
329 silly gunzTarPerm modified mode [ 'nan_persistent_12_inl.h', 436, 420 ]
330 silly gunzTarPerm extractEntry nan_persistent_pre_12_inl.h
331 silly gunzTarPerm modified mode [ 'nan_persistent_pre_12_inl.h', 436, 420 ]
332 silly gunzTarPerm extractEntry nan_string_bytes.h
333 silly gunzTarPerm modified mode [ 'nan_string_bytes.h', 436, 420 ]
334 silly gunzTarPerm extractEntry nan_typedarray_contents.h
335 silly gunzTarPerm modified mode [ 'nan_typedarray_contents.h', 436, 420 ]
336 silly gunzTarPerm extractEntry nan_weak.h
337 silly gunzTarPerm modified mode [ 'nan_weak.h', 436, 420 ]
338 silly gunzTarPerm extractEntry CHANGELOG.md
339 silly gunzTarPerm modified mode [ 'CHANGELOG.md', 436, 420 ]
340 silly gunzTarPerm extractEntry tools/package.json
341 silly gunzTarPerm modified mode [ 'tools/package.json', 436, 420 ]
342 silly gunzTarPerm extractEntry tools/README.md
343 silly gunzTarPerm modified mode [ 'tools/README.md', 436, 420 ]
344 silly gunzTarPerm extractEntry tools/1to2.js
345 silly gunzTarPerm modified mode [ 'tools/1to2.js', 509, 493 ]
346 silly gentlyRm /Users/b27206/repdirect/node_modules/.staging/bcrypt-41f3f8b2/node_modules is being purged
347 verbose gentlyRm don't care about contents; nuking /Users/b27206/repdirect/node_modules/.staging/bcrypt-41f3f8b2/node_modules
348 silly gentlyRm /Users/b27206/repdirect/node_modules/.staging/nan-c6a18185/node_modules is being purged
349 verbose gentlyRm don't care about contents; nuking /Users/b27206/repdirect/node_modules/.staging/nan-c6a18185/node_modules
350 silly doParallel preinstall 3
351 silly preinstall bindings@1.2.1 /Users/b27206/repdirect/node_modules/.staging/bindings-5a3d804f
352 info lifecycle bindings@1.2.1~preinstall: bindings@1.2.1
353 silly preinstall nan@2.3.5 /Users/b27206/repdirect/node_modules/.staging/nan-c6a18185
354 info lifecycle nan@2.3.5~preinstall: nan@2.3.5
355 silly preinstall bcrypt@0.8.7 /Users/b27206/repdirect/node_modules/.staging/bcrypt-41f3f8b2
356 info lifecycle bcrypt@0.8.7~preinstall: bcrypt@0.8.7
357 silly lifecycle bindings@1.2.1~preinstall: no script for preinstall, continuing
358 silly lifecycle nan@2.3.5~preinstall: no script for preinstall, continuing
359 silly lifecycle bcrypt@0.8.7~preinstall: no script for preinstall, continuing
360 silly doReverseSerial remove 0
361 silly doSerial move 0
362 silly doSerial finalize 3
363 silly finalize /Users/b27206/repdirect/node_modules/bindings
364 silly finalize /Users/b27206/repdirect/node_modules/nan
365 silly finalize /Users/b27206/repdirect/node_modules/bcrypt
366 silly doSerial build 3
367 silly build bindings@1.2.1
368 info linkStuff bindings@1.2.1
369 silly linkStuff bindings@1.2.1 has /Users/b27206/repdirect/node_modules as its parent node_modules
370 verbose linkBins bindings@1.2.1
371 verbose linkMans bindings@1.2.1
372 silly build nan@2.3.5
373 info linkStuff nan@2.3.5
374 silly linkStuff nan@2.3.5 has /Users/b27206/repdirect/node_modules as its parent node_modules
375 verbose linkBins nan@2.3.5
376 verbose linkMans nan@2.3.5
377 silly build bcrypt@0.8.7
378 info linkStuff bcrypt@0.8.7
379 silly linkStuff bcrypt@0.8.7 has /Users/b27206/repdirect/node_modules as its parent node_modules
380 verbose linkBins bcrypt@0.8.7
381 verbose linkMans bcrypt@0.8.7
382 silly doSerial global-link 0
383 silly doParallel update-linked 0
384 silly doSerial install 3
385 silly install bindings@1.2.1 /Users/b27206/repdirect/node_modules/.staging/bindings-5a3d804f
386 info lifecycle bindings@1.2.1~install: bindings@1.2.1
387 silly lifecycle bindings@1.2.1~install: no script for install, continuing
388 silly install nan@2.3.5 /Users/b27206/repdirect/node_modules/.staging/nan-c6a18185
389 info lifecycle nan@2.3.5~install: nan@2.3.5
390 silly lifecycle nan@2.3.5~install: no script for install, continuing
391 silly install bcrypt@0.8.7 /Users/b27206/repdirect/node_modules/.staging/bcrypt-41f3f8b2
392 info lifecycle bcrypt@0.8.7~install: bcrypt@0.8.7
393 verbose lifecycle bcrypt@0.8.7~install: unsafe-perm in lifecycle true
394 verbose lifecycle bcrypt@0.8.7~install: PATH: /Users/b27206/.meteor/packages/meteor-tool/.1.4.1_2.w2dc8p++os.osx.x86_64+web.browser+web.cordova/mt-os.osx.x86_64/dev_bundle/lib/node_modules/npm/bin/node-gyp-bin:/Users/b27206/repdirect/node_modules/bcrypt/node_modules/.bin:/Users/b27206/repdirect/node_modules/.bin:/Users/b27206/.meteor/packages/meteor-tool/.1.4.1_2.w2dc8p++os.osx.x86_64+web.browser+web.cordova/mt-os.osx.x86_64/dev_bundle/bin:/Users/b27206/.meteor/packages/meteor-tool/.1.4.1_2.w2dc8p++os.osx.x86_64+web.browser+web.cordova/mt-os.osx.x86_64/dev_bundle/lib/node_modules/.bin:/usr/local/bin:/usr/bin:/bin:/usr/sbin:/sbin
395 verbose lifecycle bcrypt@0.8.7~install: CWD: /Users/b27206/repdirect/node_modules/bcrypt
396 silly lifecycle bcrypt@0.8.7~install: Args: [ '-c', 'node-gyp rebuild' ]
397 silly lifecycle bcrypt@0.8.7~install: Returned: code: 1  signal: null
398 info lifecycle bcrypt@0.8.7~install: Failed to exec install script
399 verbose unlock done using /Users/b27206/.npm/_locks/staging-64a51c3e96986279.lock for /Users/b27206/repdirect/node_modules/.staging
400 silly rollbackFailedOptional Starting
401 silly rollbackFailedOptional Finishing
402 silly runTopLevelLifecycles Finishing
403 silly install printInstalled
404 verbose stack Error: bcrypt@0.8.7 install: `node-gyp rebuild`
404 verbose stack Exit status 1
404 verbose stack     at EventEmitter.<anonymous> (/Users/b27206/.meteor/packages/meteor-tool/.1.4.1_2.w2dc8p++os.osx.x86_64+web.browser+web.cordova/mt-os.osx.x86_64/dev_bundle/lib/node_modules/npm/lib/utils/lifecycle.js:255:16)
404 verbose stack     at emitTwo (events.js:87:13)
404 verbose stack     at EventEmitter.emit (events.js:172:7)
404 verbose stack     at ChildProcess.<anonymous> (/Users/b27206/.meteor/packages/meteor-tool/.1.4.1_2.w2dc8p++os.osx.x86_64+web.browser+web.cordova/mt-os.osx.x86_64/dev_bundle/lib/node_modules/npm/lib/utils/spawn.js:40:14)
404 verbose stack     at emitTwo (events.js:87:13)
404 verbose stack     at ChildProcess.emit (events.js:172:7)
404 verbose stack     at maybeClose (internal/child_process.js:829:16)
404 verbose stack     at Process.ChildProcess._handle.onexit (internal/child_process.js:211:5)
405 verbose pkgid bcrypt@0.8.7
406 verbose cwd /Users/b27206/repdirect
407 error Darwin 16.1.0
408 error argv "/Users/b27206/.meteor/packages/meteor-tool/.1.4.1_2.w2dc8p++os.osx.x86_64+web.browser+web.cordova/mt-os.osx.x86_64/dev_bundle/bin/node" "/Users/b27206/.meteor/packages/meteor-tool/.1.4.1_2.w2dc8p++os.osx.x86_64+web.browser+web.cordova/mt-os.osx.x86_64/dev_bundle/bin/npm" "install" "--save" "bcrypt"
409 error node v4.6.0
410 error npm  v3.10.8
411 error code ELIFECYCLE
412 error bcrypt@0.8.7 install: `node-gyp rebuild`
412 error Exit status 1
413 error Failed at the bcrypt@0.8.7 install script 'node-gyp rebuild'.
413 error Make sure you have the latest version of node.js and npm installed.
413 error If you do, this is most likely a problem with the bcrypt package,
413 error not with npm itself.
413 error Tell the author that this fails on your system:
413 error     node-gyp rebuild
413 error You can get information on how to open an issue for this project with:
413 error     npm bugs bcrypt
413 error Or if that isn't available, you can get their info via:
413 error     npm owner ls bcrypt
413 error There is likely additional logging output above.
414 verbose exit [ 1, true ]
